<?xml version="1.0" encoding="UTF-8"?>
<testsuite name="modele.BilletTest" tests="9" skipped="0" failures="0" errors="0" timestamp="2020-03-15T21:19:25" hostname="DESKTOP-5GVL2IC" time="0.008">
  <properties/>
  <testcase name="testGetTitre" classname="modele.BilletTest" time="0.005"/>
  <testcase name="testToString" classname="modele.BilletTest" time="0.001"/>
  <testcase name="testGetTags" classname="modele.BilletTest" time="0.0"/>
  <testcase name="testGetNomAuteur" classname="modele.BilletTest" time="0.0"/>
  <testcase name="testGetIdBillet" classname="modele.BilletTest" time="0.0"/>
  <testcase name="testGetNomProjet" classname="modele.BilletTest" time="0.0"/>
  <testcase name="testGetContenu" classname="modele.BilletTest" time="0.0"/>
  <testcase name="testGetDateLimite" classname="modele.BilletTest" time="0.0"/>
  <testcase name="testGetDateSoumis" classname="modele.BilletTest" time="0.001"/>
  <system-out><![CDATA[getTitre
toString
getTags
getNomAuteur
getIdBillet
getNomProjet
getContenu
getDateLimite
getDateSoumis
]]></system-out>
  <system-err><![CDATA[]]></system-err>
</testsuite>
